TN:
SF:/home/ariel/GoStackRegravada/modulo03/appgobarber/src/components/Button/index.tsx
FN:10,(anonymous_0)
FNF:1
FNH:1
FNDA:1,(anonymous_0)
DA:10,1
DA:11,1
LF:2
LH:2
BRF:0
BRH:0
end_of_record
TN:
SF:/home/ariel/GoStackRegravada/modulo03/appgobarber/src/components/Input/index.tsx
FN:28,(anonymous_0)
FN:40,(anonymous_1)
FN:44,(anonymous_2)
FN:50,(anonymous_3)
FN:51,(anonymous_4)
FN:56,(anonymous_5)
FN:61,(anonymous_6)
FN:65,(anonymous_7)
FN:81,(anonymous_8)
FNF:9
FNH:3
FNDA:2,(anonymous_0)
FNDA:0,(anonymous_1)
FNDA:0,(anonymous_2)
FNDA:1,(anonymous_3)
FNDA:0,(anonymous_4)
FNDA:2,(anonymous_5)
FNDA:0,(anonymous_6)
FNDA:0,(anonymous_7)
FNDA:0,(anonymous_8)
DA:28,1
DA:32,2
DA:34,2
DA:35,2
DA:37,2
DA:38,2
DA:40,2
DA:41,0
DA:44,2
DA:45,0
DA:47,0
DA:50,2
DA:52,0
DA:56,2
DA:57,2
DA:62,0
DA:63,0
DA:66,0
DA:67,0
DA:72,2
DA:82,0
LF:21
LH:12
BRDA:29,0,0,2
BRDA:34,1,0,2
BRDA:74,2,0,0
BRDA:74,2,1,2
BRF:4
BRH:3
end_of_record
TN:
SF:/home/ariel/GoStackRegravada/modulo03/appgobarber/src/hooks/auth.tsx
FN:38,(anonymous_0)
FN:42,(anonymous_1)
FN:43,loadStorageData
FN:61,(anonymous_3)
FN:82,(anonymous_4)
FN:89,(anonymous_5)
FN:109,useAuth
FNF:7
FNH:1
FNDA:0,(anonymous_0)
FNDA:0,(anonymous_1)
FNDA:0,loadStorageData
FNDA:0,(anonymous_3)
FNDA:0,(anonymous_4)
FNDA:0,(anonymous_5)
FNDA:1,useAuth
DA:36,1
DA:38,1
DA:39,0
DA:40,0
DA:42,0
DA:44,0
DA:49,0
DA:50,0
DA:52,0
DA:55,0
DA:58,0
DA:61,0
DA:62,0
DA:67,0
DA:69,0
DA:70,0
DA:72,0
DA:77,0
DA:79,0
DA:82,0
DA:83,0
DA:85,0
DA:88,0
DA:90,0
DA:92,0
DA:100,0
DA:110,1
DA:112,1
DA:113,0
DA:116,1
LF:30
LH:5
BRDA:49,0,0,0
BRDA:49,0,1,0
BRDA:49,1,0,0
BRDA:49,1,1,0
BRDA:112,2,0,0
BRDA:112,2,1,1
BRF:6
BRH:1
end_of_record
TN:
SF:/home/ariel/GoStackRegravada/modulo03/appgobarber/src/pages/AppointmentCreated/index.tsx
FN:18,(anonymous_0)
FN:24,(anonymous_1)
FN:35,(anonymous_2)
FNF:3
FNH:0
FNDA:0,(anonymous_0)
FNDA:0,(anonymous_1)
FNDA:0,(anonymous_2)
DA:18,0
DA:19,0
DA:20,0
DA:22,0
DA:24,0
DA:25,0
DA:35,0
DA:36,0
DA:43,0
LF:9
LH:0
BRF:0
BRH:0
end_of_record
TN:
SF:/home/ariel/GoStackRegravada/modulo03/appgobarber/src/pages/CreateAppointment/index.tsx
FN:52,(anonymous_0)
FN:67,(anonymous_1)
FN:68,(anonymous_2)
FN:73,(anonymous_3)
FN:82,(anonymous_4)
FN:87,(anonymous_5)
FN:91,(anonymous_6)
FN:95,(anonymous_7)
FN:96,(anonymous_8)
FN:100,(anonymous_9)
FN:112,(anonymous_10)
FN:116,(anonymous_11)
FN:137,(anonymous_12)
FN:139,(anonymous_13)
FN:140,(anonymous_14)
FN:149,(anonymous_15)
FN:151,(anonymous_16)
FN:152,(anonymous_17)
FN:179,(anonymous_18)
FN:180,(anonymous_19)
FN:182,(anonymous_20)
FN:215,(anonymous_21)
FN:219,(anonymous_22)
FN:230,(anonymous_23)
FN:236,(anonymous_24)
FN:250,(anonymous_25)
FN:256,(anonymous_26)
FN:268,(anonymous_27)
FNF:28
FNH:0
FNDA:0,(anonymous_0)
FNDA:0,(anonymous_1)
FNDA:0,(anonymous_2)
FNDA:0,(anonymous_3)
FNDA:0,(anonymous_4)
FNDA:0,(anonymous_5)
FNDA:0,(anonymous_6)
FNDA:0,(anonymous_7)
FNDA:0,(anonymous_8)
FNDA:0,(anonymous_9)
FNDA:0,(anonymous_10)
FNDA:0,(anonymous_11)
FNDA:0,(anonymous_12)
FNDA:0,(anonymous_13)
FNDA:0,(anonymous_14)
FNDA:0,(anonymous_15)
FNDA:0,(anonymous_16)
FNDA:0,(anonymous_17)
FNDA:0,(anonymous_18)
FNDA:0,(anonymous_19)
FNDA:0,(anonymous_20)
FNDA:0,(anonymous_21)
FNDA:0,(anonymous_22)
FNDA:0,(anonymous_23)
FNDA:0,(anonymous_24)
FNDA:0,(anonymous_25)
FNDA:0,(anonymous_26)
FNDA:0,(anonymous_27)
DA:52,0
DA:53,0
DA:54,0
DA:55,0
DA:56,0
DA:58,0
DA:59,0
DA:60,0
DA:61,0
DA:62,0
DA:63,0
DA:67,0
DA:68,0
DA:69,0
DA:73,0
DA:74,0
DA:83,0
DA:87,0
DA:88,0
DA:91,0
DA:92,0
DA:95,0
DA:96,0
DA:99,0
DA:101,0
DA:102,0
DA:105,0
DA:106,0
DA:112,0
DA:113,0
DA:116,0
DA:117,0
DA:118,0
DA:120,0
DA:121,0
DA:123,0
DA:128,0
DA:130,0
DA:137,0
DA:138,0
DA:139,0
DA:141,0
DA:149,0
DA:150,0
DA:151,0
DA:153,0
DA:161,0
DA:179,0
DA:181,0
DA:182,0
DA:216,0
DA:220,0
DA:231,0
DA:236,0
DA:251,0
DA:256,0
DA:269,0
LF:57
LH:0
BRDA:101,0,0,0
BRDA:101,0,1,0
BRDA:105,1,0,0
BRDA:105,1,1,0
BRDA:204,2,0,0
BRDA:204,2,1,0
BRF:6
BRH:0
end_of_record
TN:
SF:/home/ariel/GoStackRegravada/modulo03/appgobarber/src/pages/Dashboard/index.tsx
FN:32,(anonymous_0)
FN:38,(anonymous_1)
FN:39,(anonymous_2)
FN:44,(anonymous_3)
FN:49,(anonymous_4)
FN:55,(anonymous_5)
FN:78,(anonymous_6)
FN:82,(anonymous_7)
FN:84,(anonymous_8)
FNF:9
FNH:0
FNDA:0,(anonymous_0)
FNDA:0,(anonymous_1)
FNDA:0,(anonymous_2)
FNDA:0,(anonymous_3)
FNDA:0,(anonymous_4)
FNDA:0,(anonymous_5)
FNDA:0,(anonymous_6)
FNDA:0,(anonymous_7)
FNDA:0,(anonymous_8)
DA:32,0
DA:33,0
DA:35,0
DA:36,0
DA:38,0
DA:39,0
DA:40,0
DA:44,0
DA:45,0
DA:48,0
DA:50,0
DA:55,0
DA:56,0
DA:59,0
DA:78,0
DA:83,0
DA:84,0
LF:17
LH:0
BRF:0
BRH:0
end_of_record
TN:
SF:/home/ariel/GoStackRegravada/modulo03/appgobarber/src/pages/Profile/index.tsx
FN:41,(anonymous_0)
FN:53,(anonymous_1)
FN:57,(anonymous_2)
FN:65,(anonymous_3)
FN:83,(anonymous_4)
FN:91,(anonymous_5)
FN:102,(anonymous_6)
FN:110,(anonymous_7)
FN:200,(anonymous_8)
FN:214,(anonymous_9)
FN:226,(anonymous_10)
FN:236,(anonymous_11)
FN:246,(anonymous_12)
FN:249,(anonymous_13)
FNF:14
FNH:0
FNDA:0,(anonymous_0)
FNDA:0,(anonymous_1)
FNDA:0,(anonymous_2)
FNDA:0,(anonymous_3)
FNDA:0,(anonymous_4)
FNDA:0,(anonymous_5)
FNDA:0,(anonymous_6)
FNDA:0,(anonymous_7)
FNDA:0,(anonymous_8)
FNDA:0,(anonymous_9)
FNDA:0,(anonymous_10)
FNDA:0,(anonymous_11)
FNDA:0,(anonymous_12)
FNDA:0,(anonymous_13)
DA:41,0
DA:42,0
DA:43,0
DA:45,0
DA:46,0
DA:47,0
DA:48,0
DA:49,0
DA:51,0
DA:53,0
DA:54,0
DA:57,0
DA:58,0
DA:66,0
DA:67,0
DA:70,0
DA:71,0
DA:72,0
DA:75,0
DA:77,0
DA:83,0
DA:84,0
DA:90,0
DA:92,0
DA:93,0
DA:95,0
DA:102,0
DA:110,0
DA:117,0
DA:125,0
DA:127,0
DA:139,0
DA:141,0
DA:143,0
DA:144,0
DA:146,0
DA:147,0
DA:149,0
DA:150,0
DA:153,0
DA:162,0
DA:201,0
DA:214,0
DA:226,0
DA:236,0
DA:246,0
DA:249,0
LF:47
LH:0
BRDA:66,0,0,0
BRDA:66,0,1,0
BRDA:70,1,0,0
BRDA:70,1,1,0
BRDA:130,2,0,0
BRDA:130,2,1,0
BRDA:146,3,0,0
BRDA:146,3,1,0
BRDA:166,4,0,0
BRDA:166,4,1,0
BRDA:179,5,0,0
BRDA:179,5,1,0
BRF:12
BRH:0
end_of_record
TN:
SF:/home/ariel/GoStackRegravada/modulo03/appgobarber/src/pages/SignIn/index.tsx
FN:41,(anonymous_0)
FN:48,(anonymous_1)
FN:108,(anonymous_2)
FN:119,(anonymous_3)
FN:125,(anonymous_4)
FN:133,(anonymous_5)
FN:144,(anonymous_6)
FNF:7
FNH:1
FNDA:1,(anonymous_0)
FNDA:0,(anonymous_1)
FNDA:0,(anonymous_2)
FNDA:0,(anonymous_3)
FNDA:0,(anonymous_4)
FNDA:0,(anonymous_5)
FNDA:0,(anonymous_6)
DA:41,1
DA:42,1
DA:43,1
DA:44,1
DA:46,1
DA:48,1
DA:49,0
DA:50,0
DA:52,0
DA:59,0
DA:63,0
DA:68,0
DA:69,0
DA:71,0
DA:72,0
DA:74,0
DA:81,1
DA:109,0
DA:120,0
DA:126,0
DA:134,0
DA:145,0
LF:22
LH:7
BRDA:68,0,0,0
BRDA:68,0,1,0
BRDA:85,1,0,1
BRDA:85,1,1,0
BRF:4
BRH:1
end_of_record
TN:
SF:/home/ariel/GoStackRegravada/modulo03/appgobarber/src/pages/SignUp/index.tsx
FN:36,(anonymous_0)
FN:44,(anonymous_1)
FN:108,(anonymous_2)
FN:121,(anonymous_3)
FN:133,(anonymous_4)
FN:137,(anonymous_5)
FN:149,(anonymous_6)
FNF:7
FNH:0
FNDA:0,(anonymous_0)
FNDA:0,(anonymous_1)
FNDA:0,(anonymous_2)
FNDA:0,(anonymous_3)
FNDA:0,(anonymous_4)
FNDA:0,(anonymous_5)
FNDA:0,(anonymous_6)
DA:36,0
DA:37,0
DA:38,0
DA:40,0
DA:41,0
DA:43,0
DA:45,0
DA:46,0
DA:48,0
DA:56,0
DA:60,0
DA:62,0
DA:67,0
DA:69,0
DA:70,0
DA:72,0
DA:73,0
DA:75,0
DA:84,0
DA:109,0
DA:122,0
DA:133,0
DA:138,0
DA:150,0
LF:24
LH:0
BRDA:69,0,0,0
BRDA:69,0,1,0
BRDA:88,1,0,0
BRDA:88,1,1,0
BRF:4
BRH:0
end_of_record
